Release 14.1 - xst P.15xf (nt64)
Copyright (c) 1995-2012 Xilinx, Inc.  All rights reserved.
--> Parameter TMPDIR set to xst/projnav.tmp


Total REAL time to Xst completion: 0.00 secs
Total CPU time to Xst completion: 0.11 secs
 
--> Parameter xsthdpdir set to xst


Total REAL time to Xst completion: 0.00 secs
Total CPU time to Xst completion: 0.11 secs
 
--> Reading design: control_principal_rtc.prj

TABLE OF CONTENTS
  1) Synthesis Options Summary
  2) HDL Parsing
  3) HDL Elaboration
  4) HDL Synthesis
       4.1) HDL Synthesis Report
  5) Advanced HDL Synthesis
       5.1) Advanced HDL Synthesis Report
  6) Low Level Synthesis
  7) Partition Report
  8) Design Summary
       8.1) Primitive and Black Box Usage
       8.2) Device utilization summary
       8.3) Partition Resource Summary
       8.4) Timing Report
            8.4.1) Clock Information
            8.4.2) Asynchronous Control Signals Information
            8.4.3) Timing Summary
            8.4.4) Timing Details
            8.4.5) Cross Clock Domains Report


=========================================================================
*                      Synthesis Options Summary                        *
=========================================================================
---- Source Parameters
Input File Name                    : "control_principal_rtc.prj"
Ignore Synthesis Constraint File   : NO

---- Target Parameters
Output File Name                   : "control_principal_rtc"
Output Format                      : NGC
Target Device                      : xc7a100t-1-csg324

---- Source Options
Top Module Name                    : control_principal_rtc
Automatic FSM Extraction           : YES
FSM Encoding Algorithm             : Auto
Safe Implementation                : No
FSM Style                          : LUT
RAM Extraction                     : Yes
RAM Style                          : Auto
ROM Extraction                     : Yes
Shift Register Extraction          : YES
ROM Style                          : Auto
Resource Sharing                   : YES
Asynchronous To Synchronous        : NO
Shift Register Minimum Size        : 2
Use DSP Block                      : Auto
Automatic Register Balancing       : No

---- Target Options
LUT Combining                      : Auto
Reduce Control Sets                : Auto
Add IO Buffers                     : YES
Global Maximum Fanout              : 100000
Add Generic Clock Buffer(BUFG)     : 32
Register Duplication               : YES
Optimize Instantiated Primitives   : NO
Use Clock Enable                   : Auto
Use Synchronous Set                : Auto
Use Synchronous Reset              : Auto
Pack IO Registers into IOBs        : Auto
Equivalent register Removal        : YES

---- General Options
Optimization Goal                  : Speed
Optimization Effort                : 1
Power Reduction                    : NO
Keep Hierarchy                     : No
Netlist Hierarchy                  : As_Optimized
RTL Output                         : Yes
Global Optimization                : AllClockNets
Read Cores                         : YES
Write Timing Constraints           : NO
Cross Clock Analysis               : NO
Hierarchy Separator                : /
Bus Delimiter                      : <>
Case Specifier                     : Maintain
Slice Utilization Ratio            : 100
BRAM Utilization Ratio             : 100
DSP48 Utilization Ratio            : 100
Auto BRAM Packing                  : NO
Slice Utilization Ratio Delta      : 5

=========================================================================


=========================================================================
*                          HDL Parsing                                  *
=========================================================================
Analyzing Verilog file "C:\Users\LuisOrlando\Documents\Proyectos Lab Digitales\Proy_3_grupo_7_II_2016\codigos\Nueva carpeta\control_principal_rtc.v" into library work
Parsing module <control_principal_rtc>.

=========================================================================
*                            HDL Elaboration                            *
=========================================================================

Elaborating module <control_principal_rtc>.

=========================================================================
*                           HDL Synthesis                               *
=========================================================================

Synthesizing Unit <control_principal_rtc>.
    Related source file is "C:\Users\LuisOrlando\Documents\Proyectos Lab Digitales\Proy_3_grupo_7_II_2016\codigos\Nueva carpeta\control_principal_rtc.v".
        inicio = 4'b0000
        esclec = 4'b0001
        wstrobe = 4'b0010
        w_start = 4'b0011
        finesc = 4'b0100
        mem_cicle = 4'b0101
        rstrobe = 4'b0110
        r_start = 4'b1011
        noactlec = 4'b0111
        actilec = 4'b1000
        mem = 4'b1001
        fin = 4'b1010
WARNING:Xst:647 - Input <writestrobe> is never used. This port will be preserved and left unconnected if it belongs to a top-level block or it belongs to a sub-block and the hierarchy of this sub-block is preserved.
    Found 8-bit register for signal <datoout>.
    Found 8-bit register for signal <datoreg>.
    Found 8-bit register for signal <dirreg>.
    Found 4-bit register for signal <dirmem>.
    Found 1-bit register for signal <actesc>.
    Found 1-bit register for signal <actlec>.
    Found 4-bit register for signal <State>.
    Found finite state machine <FSM_0> for signal <State>.
    -----------------------------------------------------------------------
    | States             | 12                                             |
    | Transitions        | 32                                             |
    | Inputs             | 6                                              |
    | Outputs            | 6                                              |
    | Clock              | clk (rising_edge)                              |
    | Reset              | reset (positive)                               |
    | Reset type         | synchronous                                    |
    | Reset State        | 0000                                           |
    | Encoding           | auto                                           |
    | Implementation     | LUT                                            |
    -----------------------------------------------------------------------
    Summary:
	inferred  30 D-type flip-flop(s).
	inferred   7 Multiplexer(s).
	inferred   1 Finite State Machine(s).
Unit <control_principal_rtc> synthesized.

=========================================================================
HDL Synthesis Report

Macro Statistics
# Registers                                            : 6
 1-bit register                                        : 2
 4-bit register                                        : 1
 8-bit register                                        : 3
# Multiplexers                                         : 7
 4-bit 2-to-1 multiplexer                              : 2
 8-bit 2-to-1 multiplexer                              : 5
# FSMs                                                 : 1

=========================================================================

=========================================================================
*                       Advanced HDL Synthesis                          *
=========================================================================


=========================================================================
Advanced HDL Synthesis Report

Macro Statistics
# Registers                                            : 30
 Flip-Flops                                            : 30
# Multiplexers                                         : 7
 4-bit 2-to-1 multiplexer                              : 2
 8-bit 2-to-1 multiplexer                              : 5
# FSMs                                                 : 1

=========================================================================

=========================================================================
*                         Low Level Synthesis                           *
=========================================================================
Analyzing FSM <MFsm> for best encoding.
Optimizing FSM <FSM_0> on signal <State[1:4]> with user encoding.
-------------------
 State | Encoding
-------------------
 0000  | 0000
 0001  | 0001
 0010  | 0010
 0101  | 0101
 0011  | 0011
 0100  | 0100
 1010  | 1010
 0110  | 0110
 1001  | 1001
 1011  | 1011
 0111  | 0111
 1000  | 1000
-------------------

Optimizing unit <control_principal_rtc> ...

Mapping all equations...
Building and optimizing final netlist ...
Found area constraint ratio of 100 (+ 5) on block control_principal_rtc, actual ratio is 0.

Final Macro Processing ...

=========================================================================
Final Register Report

Macro Statistics
# Registers                                            : 34
 Flip-Flops                                            : 34

=========================================================================

=========================================================================
*                           Partition Report                            *
=========================================================================

Partition Implementation Status
-------------------------------

  No Partitions were found in this design.

-------------------------------

=========================================================================
*                            Design Summary                             *
=========================================================================

Top Level Output File Name         : control_principal_rtc.ngc

Primitive and Black Box Usage:
------------------------------
# BELS                             : 57
#      LUT2                        : 3
#      LUT3                        : 19
#      LUT4                        : 5
#      LUT5                        : 16
#      LUT6                        : 13
#      MUXF7                       : 1
# FlipFlops/Latches                : 34
#      FDR                         : 14
#      FDRE                        : 20
# Clock Buffers                    : 1
#      BUFGP                       : 1
# IO Buffers                       : 59
#      IBUF                        : 29
#      OBUF                        : 30

Device utilization summary:
---------------------------

Selected Device : 7a100tcsg324-1 


Slice Logic Utilization: 
 Number of Slice Registers:              34  out of  126800     0%  
 Number of Slice LUTs:                   56  out of  63400     0%  
    Number used as Logic:                56  out of  63400     0%  

Slice Logic Distribution: 
 Number of LUT Flip Flop pairs used:     56
   Number with an unused Flip Flop:      22  out of     56    39%  
   Number with an unused LUT:             0  out of     56     0%  
   Number of fully used LUT-FF pairs:    34  out of     56    60%  
   Number of unique control sets:         3

IO Utilization: 
 Number of IOs:                          61
 Number of bonded IOBs:                  60  out of    210    28%  

Specific Feature Utilization:
 Number of BUFG/BUFGCTRLs:                1  out of     32     3%  

---------------------------
Partition Resource Summary:
---------------------------

  No Partitions were found in this design.

---------------------------


=========================================================================
Timing Report

NOTE: THESE TIMING NUMBERS ARE ONLY A SYNTHESIS ESTIMATE.
      FOR ACCURATE TIMING INFORMATION PLEASE REFER TO THE TRACE REPORT
      GENERATED AFTER PLACE-and-ROUTE.

Clock Information:
------------------
-----------------------------------+------------------------+-------+
Clock Signal                       | Clock buffer(FF name)  | Load  |
-----------------------------------+------------------------+-------+
clk                                | BUFGP                  | 34    |
-----------------------------------+------------------------+-------+

Asynchronous Control Signals Information:
----------------------------------------
No asynchronous control signals found in this design

Timing Summary:
---------------
Speed Grade: -1

   Minimum period: 2.491ns (Maximum Frequency: 401.445MHz)
   Minimum input arrival time before clock: 2.060ns
   Maximum output required time after clock: 0.904ns
   Maximum combinational path delay: No path found

Timing Details:
---------------
All values displayed in nanoseconds (ns)

=========================================================================
Timing constraint: Default period analysis for Clock 'clk'
  Clock period: 2.491ns (frequency: 401.445MHz)
  Total number of paths / destination ports: 216 / 58
-------------------------------------------------------------------------
Delay:               2.491ns (Levels of Logic = 3)
  Source:            dirreg_1 (FF)
  Destination:       State_FSM_FFd1 (FF)
  Source Clock:      clk rising
  Destination Clock: clk rising

  Data Path: dirreg_1 to State_FSM_FFd1
                                Gate     Net
    Cell:in->out      fanout   Delay   Delay  Logical Name (Net Name)
    ----------------------------------------  ------------
     FDRE:C->Q             5   0.478   0.946  dirreg_1 (dirreg_1)
     LUT6:I1->O            1   0.124   0.000  GND_1_o_GND_1_o_OR_32_o_SW2_G (N29)
     MUXF7:I1->O           1   0.368   0.421  GND_1_o_GND_1_o_OR_32_o_SW2 (N21)
     LUT6:I5->O            1   0.124   0.000  State_FSM_FFd1-In11 (State_FSM_FFd1-In1)
     FDR:D                     0.030          State_FSM_FFd1
    ----------------------------------------
    Total                      2.491ns (1.124ns logic, 1.367ns route)
                                       (45.1% logic, 54.9% route)

=========================================================================
Timing constraint: Default OFFSET IN BEFORE for Clock 'clk'
  Total number of paths / destination ports: 106 / 66
-------------------------------------------------------------------------
Offset:              2.060ns (Levels of Logic = 4)
  Source:            cs (PAD)
  Destination:       State_FSM_FFd1 (FF)
  Destination Clock: clk rising

  Data Path: cs to State_FSM_FFd1
                                Gate     Net
    Cell:in->out      fanout   Delay   Delay  Logical Name (Net Name)
    ----------------------------------------  ------------
     IBUF:I->O             9   0.001   0.992  cs_IBUF (cs_IBUF)
     LUT6:I0->O            1   0.124   0.000  GND_1_o_GND_1_o_OR_32_o_SW2_G (N29)
     MUXF7:I1->O           1   0.368   0.421  GND_1_o_GND_1_o_OR_32_o_SW2 (N21)
     LUT6:I5->O            1   0.124   0.000  State_FSM_FFd1-In11 (State_FSM_FFd1-In1)
     FDR:D                     0.030          State_FSM_FFd1
    ----------------------------------------
    Total                      2.060ns (0.647ns logic, 1.413ns route)
                                       (31.4% logic, 68.6% route)

=========================================================================
Timing constraint: Default OFFSET OUT AFTER for Clock 'clk'
  Total number of paths / destination ports: 30 / 30
-------------------------------------------------------------------------
Offset:              0.904ns (Levels of Logic = 1)
  Source:            dirreg_5 (FF)
  Destination:       dirreg<5> (PAD)
  Source Clock:      clk rising

  Data Path: dirreg_5 to dirreg<5>
                                Gate     Net
    Cell:in->out      fanout   Delay   Delay  Logical Name (Net Name)
    ----------------------------------------  ------------
     FDRE:C->Q             5   0.478   0.426  dirreg_5 (dirreg_5)
     OBUF:I->O                 0.000          dirreg_5_OBUF (dirreg<5>)
    ----------------------------------------
    Total                      0.904ns (0.478ns logic, 0.426ns route)
                                       (52.9% logic, 47.1% route)

=========================================================================

Cross Clock Domains Report:
--------------------------

Clock to Setup on destination clock clk
---------------+---------+---------+---------+---------+
               | Src:Rise| Src:Fall| Src:Rise| Src:Fall|
Source Clock   |Dest:Rise|Dest:Rise|Dest:Fall|Dest:Fall|
---------------+---------+---------+---------+---------+
clk            |    2.491|         |         |         |
---------------+---------+---------+---------+---------+

=========================================================================


Total REAL time to Xst completion: 10.00 secs
Total CPU time to Xst completion: 9.67 secs
 
--> 

Total memory usage is 404604 kilobytes

Number of errors   :    0 (   0 filtered)
Number of warnings :    1 (   0 filtered)
Number of infos    :    0 (   0 filtered)

