ISim log file
Running: C:\Users\User\Documents\Proy_3_grupo_7_II_2016\codigos\Micro\pico\Empaquetado_total_tb_isim_beh.exe -intstyle ise -gui -tclbatch isim.cmd -wdb C:/Users/User/Documents/Proy_3_grupo_7_II_2016/codigos/Micro/pico/Empaquetado_total_tb_isim_beh.wdb 
ISim P.20131013 (signature 0x8ef4fb42)
----------------------------------------------------------------------
INFO:Security:51 - The XILINXD_LICENSE_FILE environment variable is not set.
INFO:Security:53 - The LM_LICENSE_FILE environment variable is not set.
INFO:Security:68a - user is User, on host USER-PC.
WARNING:Security:43 - No license file was found in the standard Xilinx license directory.
WARNING:Security:44 - Since no license file was found,
       please run the Xilinx License Configuration Manager
       (xlcm or "Manage Xilinx Licenses")
       to assist in obtaining a license.
ERROR:Security:14 - No feature was available for 'ISIM'.

No such feature exists.
Feature:       ISIM
License path:  C:/.Xilinx;C:\Xilinx\14.7\ISE_DS\ISE\/coregen/core_licenses\Xilinx.lic;C:\Xilinx\14.7\ISE_DS\ISE\/coregen/core_licenses\XilinxFree.lic;C:\Xilinx\14.7\ISE_DS\EDK/data/core_licenses\Xilinx.lic;
FLEXnet Licensing error:-5,357
For further information, refer to the FLEXnet Licensing documentation,
available at "www.flexerasoftware.com".
----------------------------------------------------------------------
WARNING: A full ISim License cannot be checked out due to the issues listed above. Please use Xilinx License Configuration Manager to fix these issues in order to check out a full ISim license.
WARNING: ISim will run in Lite mode. Please refer to the ISim documentation for more information on the differences between the Lite and the Full version.
This is a Lite version of ISim.
Time resolution is 1 ps
# onerror resume
# wave add /
# run 1000 ns
Simulator is doing circuit initialization process.
WARNING: File Numeros.png.hex referenced on C:/Users/User/Documents/Proy_3_grupo_7_II_2016/codigos/controlVGA/VROMswithBlue.v at line 46 cannot be opened for reading. Please ensure that this file is available in the current working directory.WARNING: File Interfaz.png.hex referenced on C:/Users/User/Documents/Proy_3_grupo_7_II_2016/codigos/controlVGA/VROMswithBlue.v at line 51 cannot be opened for reading. Please ensure that this file is available in the current working directory.Finished circuit initialization process.
ISim P.20131013 (signature 0x8ef4fb42)
----------------------------------------------------------------------
INFO:Security:51 - The XILINXD_LICENSE_FILE environment variable is not set.
INFO:Security:53 - The LM_LICENSE_FILE environment variable is not set.
INFO:Security:68a - user is User, on host USER-PC.
WARNING:Security:43 - No license file was found in the standard Xilinx license directory.
WARNING:Security:44 - Since no license file was found,
       please run the Xilinx License Configuration Manager
       (xlcm or "Manage Xilinx Licenses")
       to assist in obtaining a license.
ERROR:Security:14 - No feature was available for 'ISIM'.

No such feature exists.
Feature:       ISIM
License path:  C:/.Xilinx;C:\Xilinx\14.7\ISE_DS\ISE\/coregen/core_licenses\Xilinx.lic;C:\Xilinx\14.7\ISE_DS\ISE\/coregen/core_licenses\XilinxFree.lic;C:\Xilinx\14.7\ISE_DS\EDK/data/core_licenses\Xilinx.lic;
FLEXnet Licensing error:-5,357
For further information, refer to the FLEXnet Licensing documentation,
available at "www.flexerasoftware.com".
----------------------------------------------------------------------
WARNING: A full ISim License cannot be checked out due to the issues listed above. Please use Xilinx License Configuration Manager to fix these issues in order to check out a full ISim license.
WARNING: ISim will run in Lite mode. Please refer to the ISim documentation for more information on the differences between the Lite and the Full version.
This is a Lite version of ISim.
# run 1000 ns
Simulator is doing circuit initialization process.
WARNING: File Numeros.png.hex referenced on C:/Users/User/Documents/Proy_3_grupo_7_II_2016/codigos/controlVGA/VROMswithBlue.v at line 46 cannot be opened for reading. Please ensure that this file is available in the current working directory.WARNING: File Interfaz.png.hex referenced on C:/Users/User/Documents/Proy_3_grupo_7_II_2016/codigos/controlVGA/VROMswithBlue.v at line 51 cannot be opened for reading. Please ensure that this file is available in the current working directory.Finished circuit initialization process.
# run 30.00us
ISim P.20131013 (signature 0x8ef4fb42)
----------------------------------------------------------------------
INFO:Security:51 - The XILINXD_LICENSE_FILE environment variable is not set.
INFO:Security:53 - The LM_LICENSE_FILE environment variable is not set.
INFO:Security:68a - user is User, on host USER-PC.
WARNING:Security:43 - No license file was found in the standard Xilinx license directory.
WARNING:Security:44 - Since no license file was found,
       please run the Xilinx License Configuration Manager
       (xlcm or "Manage Xilinx Licenses")
       to assist in obtaining a license.
ERROR:Security:14 - No feature was available for 'ISIM'.

No such feature exists.
Feature:       ISIM
License path:  C:/.Xilinx;C:\Xilinx\14.7\ISE_DS\ISE\/coregen/core_licenses\Xilinx.lic;C:\Xilinx\14.7\ISE_DS\ISE\/coregen/core_licenses\XilinxFree.lic;C:\Xilinx\14.7\ISE_DS\EDK/data/core_licenses\Xilinx.lic;
FLEXnet Licensing error:-5,357
For further information, refer to the FLEXnet Licensing documentation,
available at "www.flexerasoftware.com".
----------------------------------------------------------------------
WARNING: A full ISim License cannot be checked out due to the issues listed above. Please use Xilinx License Configuration Manager to fix these issues in order to check out a full ISim license.
WARNING: ISim will run in Lite mode. Please refer to the ISim documentation for more information on the differences between the Lite and the Full version.
This is a Lite version of ISim.
# run 1000 ns
Simulator is doing circuit initialization process.
WARNING: File Numeros.png.hex referenced on C:/Users/User/Documents/Proy_3_grupo_7_II_2016/codigos/controlVGA/VROMswithBlue.v at line 46 cannot be opened for reading. Please ensure that this file is available in the current working directory.WARNING: File Interfaz.png.hex referenced on C:/Users/User/Documents/Proy_3_grupo_7_II_2016/codigos/controlVGA/VROMswithBlue.v at line 51 cannot be opened for reading. Please ensure that this file is available in the current working directory.Finished circuit initialization process.
# run 30.00us
# run 3ms
# run 3ms
# run 30.00us
# run 30.00ms
Stopped at time : 12647675200 ps : File "C:/Users/User/Documents/Proy_3_grupo_7_II_2016/codigos/Micro/kcpsm6.v" Line 2549
ISim P.20131013 (signature 0x8ef4fb42)
----------------------------------------------------------------------
INFO:Security:51 - The XILINXD_LICENSE_FILE environment variable is not set.
INFO:Security:53 - The LM_LICENSE_FILE environment variable is not set.
INFO:Security:68a - user is User, on host USER-PC.
WARNING:Security:43 - No license file was found in the standard Xilinx license directory.
WARNING:Security:44 - Since no license file was found,
       please run the Xilinx License Configuration Manager
       (xlcm or "Manage Xilinx Licenses")
       to assist in obtaining a license.
ERROR:Security:14 - No feature was available for 'ISIM'.

No such feature exists.
Feature:       ISIM
License path:  C:/.Xilinx;C:\Xilinx\14.7\ISE_DS\ISE\/coregen/core_licenses\Xilinx.lic;C:\Xilinx\14.7\ISE_DS\ISE\/coregen/core_licenses\XilinxFree.lic;C:\Xilinx\14.7\ISE_DS\EDK/data/core_licenses\Xilinx.lic;
FLEXnet Licensing error:-5,357
For further information, refer to the FLEXnet Licensing documentation,
available at "www.flexerasoftware.com".
----------------------------------------------------------------------
WARNING: A full ISim License cannot be checked out due to the issues listed above. Please use Xilinx License Configuration Manager to fix these issues in order to check out a full ISim license.
WARNING: ISim will run in Lite mode. Please refer to the ISim documentation for more information on the differences between the Lite and the Full version.
This is a Lite version of ISim.
# run 1000 ns
Simulator is doing circuit initialization process.
WARNING: File Numeros.png.hex referenced on C:/Users/User/Documents/Proy_3_grupo_7_II_2016/codigos/controlVGA/VROMswithBlue.v at line 46 cannot be opened for reading. Please ensure that this file is available in the current working directory.WARNING: File Interfaz.png.hex referenced on C:/Users/User/Documents/Proy_3_grupo_7_II_2016/codigos/controlVGA/VROMswithBlue.v at line 51 cannot be opened for reading. Please ensure that this file is available in the current working directory.Finished circuit initialization process.
# run 30.00us
# run 30.00ms
# run 10.00ms
Stopped at time : 30393605200 ps : File "C:/Users/User/Documents/Proy_3_grupo_7_II_2016/codigos/Micro/kcpsm6.v" Line 2549
# isim force add /Empaquetado_total_tb/uut/teclado/Control/Data 0f -radix hex
# run 10.00ms
Stopped at time : 33823285100 ps : File "C:/Users/User/Documents/Proy_3_grupo_7_II_2016/codigos/Micro/kcpsm6.v" Line 2538
