Command line:
   FlipFlopRS_tb_isim_beh.exe
     -simmode  gui
     -simrunnum  0
     -socket  59698

Sun Oct 23 10:01:15 2016


 Elaboration Time: 0.0936 sec

 Current Memory Usage: 659.243 Meg

 Total Signals          : 16
 Total Nets             : 16
 Total Signal Drivers   : 8
 Total Blocks           : 3
 Total Primitive Blocks : 2
 Total Processes        : 12
 Total Traceable Variables  : 21
 Total Scalar Nets and Variables : 99
Total Line Count : 30

 Total Simulation Time: 0.187202 sec

 Current Memory Usage: 974.864 Meg

Sun Oct 23 10:01:45 2016

