Command line:
   empaquetado_sonido_tb_isim_beh.exe
     -simmode  gui
     -simrunnum  0
     -socket  60085

Sun Oct 23 15:09:38 2016


 Elaboration Time: 0.156002 sec

 Current Memory Usage: 659.64 Meg

 Total Signals          : 39
 Total Nets             : 54
 Total Signal Drivers   : 15
 Total Blocks           : 9
 Total Primitive Blocks : 6
 Total Processes        : 24
 Total Traceable Variables  : 29
 Total Scalar Nets and Variables : 192
Total Line Count : 74

 Total Simulation Time: 161.726 sec

 Current Memory Usage: 659.64 Meg

Sun Oct 23 15:19:48 2016

