Command line:
   pwm_isim_beh.exe
     -simmode  gui
     -simrunnum  0
     -socket  3194

Thu Oct 27 15:18:03 2016


 Elaboration Time: 0.03125 sec

 Current Memory Usage: 840.319 Meg

 Total Signals          : 28
 Total Nets             : 44
 Total Signal Drivers   : 10
 Total Blocks           : 6
 Total Primitive Blocks : 5
 Total Processes        : 16
 Total Traceable Variables  : 24
 Total Scalar Nets and Variables : 170
Total Line Count : 54

 Total Simulation Time: 0.0625 sec

 Current Memory Usage: 840.319 Meg

Thu Oct 27 15:18:08 2016

