Command line:
   ModuloRTC_tb_isim_beh.exe
     -simmode  gui
     -simrunnum  0
     -socket  57390

Wed Oct 19 18:40:53 2016


 Elaboration Time: 0.0936 sec

 Current Memory Usage: 659.546 Meg

 Total Signals          : 95
 Total Nets             : 140
 Total Signal Drivers   : 38
 Total Blocks           : 10
 Total Primitive Blocks : 8
 Total Processes        : 53
 Total Traceable Variables  : 90
 Total Scalar Nets and Variables : 591
Total Line Count : 416

 Total Simulation Time: 0.343203 sec

 Current Memory Usage: 659.546 Meg

Wed Oct 19 21:14:56 2016

