Command line:
   mux3x7_isim_beh.exe
     -simmode  gui
     -simrunnum  0
     -socket  14439

Tue Oct 25 15:13:35 2016


 Elaboration Time: 0.03125 sec

 Current Memory Usage: 836.215 Meg

 Total Signals          : 18
 Total Nets             : 47
 Total Signal Drivers   : 6
 Total Blocks           : 2
 Total Primitive Blocks : 2
 Total Processes        : 8
 Total Traceable Variables  : 19
 Total Scalar Nets and Variables : 135
Total Line Count : 19

 Total Simulation Time: 0.046875 sec

 Current Memory Usage: 836.215 Meg

Tue Oct 25 15:13:52 2016

